1580415717360	mozrunner::runner	INFO	Running command: "/usr/bin/firefox" "-marionette" "-foreground" "-no-remote" "-profile" "/tmp/rust_mozprofileoju7n5"
1580415723949	Marionette	INFO	Listening on port 33319
1580415723989	Marionette	WARN	TLS certificate errors will be ignored for this session
1580415754538	mozrunner::runner	INFO	Running command: "/usr/bin/firefox" "-marionette" "-foreground" "-no-remote" "-profile" "/tmp/rust_mozprofilefKqXMh"
1580415756596	Marionette	INFO	Listening on port 41887
1580415756644	Marionette	WARN	TLS certificate errors will be ignored for this session
[Parent 15071, Gecko_IOThread] WARNING: pipe error (68): Connection reset by peer: file /build/firefox-oscv9o/firefox-61.0.1+build1/ipc/chromium/src/chrome/common/ipc_channel_posix.cc, line 353
*** UTM:SVC TimerManager:registerTimer called after profile-before-change notification. Ignoring timer registration for id: telemetry_modules_ping
1580415788521	mozrunner::runner	INFO	Running command: "/usr/bin/firefox" "-marionette" "-foreground" "-no-remote" "-profile" "/tmp/rust_mozprofileP3sw8j"
1580415790526	Marionette	INFO	Listening on port 46015
1580415790532	Marionette	WARN	TLS certificate errors will be ignored for this session
console.error: (new TypeError("content.text is undefined", "resource://devtools/shared/base-loader.js -> resource://devtools/server/actors/stylesheets.js", 164))
fetchStylesheetFromNetworkMonitor@resource://devtools/shared/base-loader.js -> resource://devtools/server/actors/stylesheets.js:164:1
fetchStylesheet@resource://devtools/shared/base-loader.js -> resource://devtools/server/actors/stylesheets.js:217:16
getSheetText@resource://devtools/shared/base-loader.js -> resource://devtools/server/actors/stylesheets.js:140:10
_getText@resource://devtools/shared/base-loader.js -> resource://devtools/server/actors/stylesheets.js:506:12
getText@resource://devtools/shared/base-loader.js -> resource://devtools/server/actors/stylesheets.js:489:12
getAuthoredCssText@resource://devtools/shared/base-loader.js -> resource://devtools/server/actors/styles.js:1262:12
getApplied@resource://devtools/shared/base-loader.js -> resource://devtools/server/actors/styles.js:472:13
console.error: "Protocol error (unknownError): content.text is undefined"
console.error: "Protocol error (unknownError): content.text is undefined"
console.error: "Protocol error (unknownError): content.text is undefined"
1580415925428	mozrunner::runner	INFO	Running command: "/usr/bin/firefox" "-marionette" "-foreground" "-no-remote" "-profile" "/tmp/rust_mozprofilesUn72p"
1580415927473	Marionette	INFO	Listening on port 40499
1580415927543	Marionette	WARN	TLS certificate errors will be ignored for this session
[Parent 15406, Gecko_IOThread] WARNING: pipe error (71): Connection reset by peer: file /build/firefox-oscv9o/firefox-61.0.1+build1/ipc/chromium/src/chrome/common/ipc_channel_posix.cc, line 353
console.error: (new TypeError("content.text is undefined", "resource://devtools/shared/base-loader.js -> resource://devtools/server/actors/stylesheets.js", 164))
fetchStylesheetFromNetworkMonitor@resource://devtools/shared/base-loader.js -> resource://devtools/server/actors/stylesheets.js:164:1
fetchStylesheet@resource://devtools/shared/base-loader.js -> resource://devtools/server/actors/stylesheets.js:217:16
getSheetText@resource://devtools/shared/base-loader.js -> resource://devtools/server/actors/stylesheets.js:140:10
_getText@resource://devtools/shared/base-loader.js -> resource://devtools/server/actors/stylesheets.js:506:12
getText@resource://devtools/shared/base-loader.js -> resource://devtools/server/actors/stylesheets.js:489:12
getAuthoredCssText@resource://devtools/shared/base-loader.js -> resource://devtools/server/actors/styles.js:1262:12
getApplied@resource://devtools/shared/base-loader.js -> resource://devtools/server/actors/styles.js:472:13
console.error: "Protocol error (unknownError): content.text is undefined"
console.error: "Protocol error (unknownError): content.text is undefined"
console.error: "Protocol error (unknownError): content.text is undefined"
JavaScript error: resource://devtools/shared/base-loader.js -> resource://devtools/server/actors/highlighters/box-model.js, line 416: TypeError: quads is undefined
JavaScript error: resource://devtools/shared/base-loader.js -> resource://devtools/server/actors/highlighters/box-model.js, line 416: TypeError: quads is undefined
console.error: "TypeError: currentNode is null: canMutationImpactCurrentStyles@resource://devtools/shared/base-loader.js -> resource://devtools/client/inspector/shared/style-change-tracker.js:64:11\nonMutations@resource://devtools/shared/base-loader.js -> resource://devtools/client/inspector/shared/style-change-tracker.js:82:11\nemit@resource://devtools/shared/base-loader.js -> resource://devtools/shared/event-emitter.js:178:37\nemit@resource://devtools/shared/base-loader.js -> resource://devtools/shared/event-emitter.js:255:29\nWalkerFront<.getMutations</<@resource://devtools/shared/base-loader.js -> resource://devtools/shared/fronts/inspector.js:420:7\n"
TypeError: currentNode is null: canMutationImpactCurrentStyles@resource://devtools/shared/base-loader.js -> resource://devtools/client/inspector/shared/style-change-tracker.js:64:11
onMutations@resource://devtools/shared/base-loader.js -> resource://devtools/client/inspector/shared/style-change-tracker.js:82:11
emit@resource://devtools/shared/base-loader.js -> resource://devtools/shared/event-emitter.js:178:37
emit@resource://devtools/shared/base-loader.js -> resource://devtools/shared/event-emitter.js:255:29
WalkerFront<.getMutations</<@resource://devtools/shared/base-loader.js -> resource://devtools/shared/fronts/inspector.js:420:7

JavaScript error: resource://devtools/shared/base-loader.js -> resource://devtools/server/actors/highlighters/box-model.js, line 416: TypeError: quads is undefined
JavaScript error: resource://devtools/shared/base-loader.js -> resource://devtools/server/actors/highlighters/box-model.js, line 416: TypeError: quads is undefined
JavaScript error: resource://devtools/shared/base-loader.js -> resource://devtools/server/actors/highlighters/box-model.js, line 416: TypeError: quads is undefined
JavaScript error: resource://devtools/shared/base-loader.js -> resource://devtools/server/actors/highlighters/box-model.js, line 416: TypeError: quads is undefined
JavaScript error: resource://devtools/shared/base-loader.js -> resource://devtools/server/actors/highlighters/box-model.js, line 416: TypeError: quads is undefined
JavaScript error: resource://devtools/shared/base-loader.js -> resource://devtools/server/actors/highlighters/box-model.js, line 416: TypeError: quads is undefined
JavaScript error: resource://devtools/shared/base-loader.js -> resource://devtools/server/actors/highlighters/box-model.js, line 416: TypeError: quads is undefined
JavaScript error: resource://devtools/shared/base-loader.js -> resource://devtools/server/actors/highlighters/box-model.js, line 416: TypeError: quads is undefined
JavaScript error: resource://devtools/shared/base-loader.js -> resource://devtools/server/actors/highlighters/box-model.js, line 416: TypeError: quads is undefined
JavaScript error: resource://devtools/shared/base-loader.js -> resource://devtools/server/actors/highlighters/box-model.js, line 416: TypeError: quads is undefined
JavaScript error: resource://devtools/shared/base-loader.js -> resource://devtools/server/actors/highlighters/box-model.js, line 416: TypeError: quads is undefined
JavaScript error: resource://devtools/shared/base-loader.js -> resource://devtools/server/actors/highlighters/box-model.js, line 416: TypeError: quads is undefined
JavaScript error: resource://devtools/shared/base-loader.js -> resource://devtools/server/actors/highlighters/box-model.js, line 416: TypeError: quads is undefined
JavaScript error: resource://devtools/shared/base-loader.js -> resource://devtools/server/actors/highlighters/box-model.js, line 416: TypeError: quads is undefined
JavaScript error: resource://devtools/shared/base-loader.js -> resource://devtools/server/actors/highlighters/box-model.js, line 416: TypeError: quads is undefined
JavaScript error: resource://devtools/shared/base-loader.js -> resource://devtools/server/actors/highlighters/box-model.js, line 416: TypeError: quads is undefined
JavaScript error: resource://devtools/shared/base-loader.js -> resource://devtools/server/actors/highlighters/box-model.js, line 416: TypeError: quads is undefined
JavaScript error: resource://devtools/shared/base-loader.js -> resource://devtools/server/actors/highlighters/box-model.js, line 416: TypeError: quads is undefined
JavaScript error: resource://devtools/shared/base-loader.js -> resource://devtools/server/actors/highlighters/box-model.js, line 416: TypeError: quads is undefined
JavaScript error: resource://devtools/shared/base-loader.js -> resource://devtools/server/actors/highlighters/box-model.js, line 416: TypeError: quads is undefined
JavaScript error: resource://devtools/shared/base-loader.js -> resource://devtools/server/actors/highlighters/box-model.js, line 416: TypeError: quads is undefined
JavaScript error: resource://devtools/shared/base-loader.js -> resource://devtools/server/actors/highlighters/box-model.js, line 416: TypeError: quads is undefined
JavaScript error: resource://devtools/shared/base-loader.js -> resource://devtools/server/actors/highlighters/box-model.js, line 416: TypeError: quads is undefined
JavaScript error: resource://devtools/shared/base-loader.js -> resource://devtools/server/actors/highlighters/box-model.js, line 416: TypeError: quads is undefined
JavaScript error: resource://devtools/shared/base-loader.js -> resource://devtools/server/actors/highlighters/box-model.js, line 416: TypeError: quads is undefined
JavaScript error: resource://devtools/shared/base-loader.js -> resource://devtools/server/actors/highlighters/box-model.js, line 416: TypeError: quads is undefined
JavaScript error: resource://devtools/shared/base-loader.js -> resource://devtools/server/actors/highlighters/box-model.js, line 416: TypeError: quads is undefined
JavaScript error: resource://devtools/shared/base-loader.js -> resource://devtools/server/actors/highlighters/box-model.js, line 416: TypeError: quads is undefined
JavaScript error: resource://devtools/shared/base-loader.js -> resource://devtools/server/actors/highlighters/box-model.js, line 416: TypeError: quads is undefined
JavaScript error: resource://devtools/shared/base-loader.js -> resource://devtools/server/actors/highlighters/box-model.js, line 416: TypeError: quads is undefined
[Parent 15978, Gecko_IOThread] WARNING: pipe error (68): Connection reset by peer: file /build/firefox-oscv9o/firefox-61.0.1+build1/ipc/chromium/src/chrome/common/ipc_channel_posix.cc, line 353
1580416525459	mozrunner::runner	INFO	Running command: "/usr/bin/firefox" "-marionette" "-foreground" "-no-remote" "-profile" "/tmp/rust_mozprofileTdv05H"
1580416527678	Marionette	INFO	Listening on port 43607
1580416527767	Marionette	WARN	TLS certificate errors will be ignored for this session
console.error: "TypeError: currentNode is null: canMutationImpactCurrentStyles@resource://devtools/shared/base-loader.js -> resource://devtools/client/inspector/shared/style-change-tracker.js:64:11\nonMutations@resource://devtools/shared/base-loader.js -> resource://devtools/client/inspector/shared/style-change-tracker.js:82:11\nemit@resource://devtools/shared/base-loader.js -> resource://devtools/shared/event-emitter.js:178:37\nemit@resource://devtools/shared/base-loader.js -> resource://devtools/shared/event-emitter.js:255:29\nWalkerFront<.getMutations</<@resource://devtools/shared/base-loader.js -> resource://devtools/shared/fronts/inspector.js:420:7\n"
TypeError: currentNode is null: canMutationImpactCurrentStyles@resource://devtools/shared/base-loader.js -> resource://devtools/client/inspector/shared/style-change-tracker.js:64:11
onMutations@resource://devtools/shared/base-loader.js -> resource://devtools/client/inspector/shared/style-change-tracker.js:82:11
emit@resource://devtools/shared/base-loader.js -> resource://devtools/shared/event-emitter.js:178:37
emit@resource://devtools/shared/base-loader.js -> resource://devtools/shared/event-emitter.js:255:29
WalkerFront<.getMutations</<@resource://devtools/shared/base-loader.js -> resource://devtools/shared/fronts/inspector.js:420:7

[Parent 17832, Gecko_IOThread] WARNING: pipe error (71): Connection reset by peer: file /build/firefox-oscv9o/firefox-61.0.1+build1/ipc/chromium/src/chrome/common/ipc_channel_posix.cc, line 353
*** UTM:SVC TimerManager:registerTimer called after profile-before-change notification. Ignoring timer registration for id: telemetry_modules_ping
1580416640160	mozrunner::runner	INFO	Running command: "/usr/bin/firefox" "-marionette" "-foreground" "-no-remote" "-profile" "/tmp/rust_mozprofilecDzvze"
1580416642230	Marionette	INFO	Listening on port 36563
1580416642272	Marionette	WARN	TLS certificate errors will be ignored for this session
JavaScript error: resource://devtools/client/jsonview/converter-observer.js, line 91: NS_ERROR_NOT_AVAILABLE: Component returned failure code: 0x80040111 (NS_ERROR_NOT_AVAILABLE) [nsIChannel.contentType]
[Parent 18294, Gecko_IOThread] WARNING: pipe error (71): Connection reset by peer: file /build/firefox-oscv9o/firefox-61.0.1+build1/ipc/chromium/src/chrome/common/ipc_channel_posix.cc, line 353
*** UTM:SVC TimerManager:registerTimer called after profile-before-change notification. Ignoring timer registration for id: telemetry_modules_ping
1580416687548	mozrunner::runner	INFO	Running command: "/usr/bin/firefox" "-marionette" "-foreground" "-no-remote" "-profile" "/tmp/rust_mozprofile8U9FMU"
1580416689755	Marionette	INFO	Listening on port 46049
1580416689855	Marionette	WARN	TLS certificate errors will be ignored for this session
console.error: (new TypeError("content.text is undefined", "resource://devtools/shared/base-loader.js -> resource://devtools/server/actors/stylesheets.js", 164))
fetchStylesheetFromNetworkMonitor@resource://devtools/shared/base-loader.js -> resource://devtools/server/actors/stylesheets.js:164:1
fetchStylesheet@resource://devtools/shared/base-loader.js -> resource://devtools/server/actors/stylesheets.js:217:16
getSheetText@resource://devtools/shared/base-loader.js -> resource://devtools/server/actors/stylesheets.js:140:10
_getText@resource://devtools/shared/base-loader.js -> resource://devtools/server/actors/stylesheets.js:506:12
getText@resource://devtools/shared/base-loader.js -> resource://devtools/server/actors/stylesheets.js:489:12
getAuthoredCssText@resource://devtools/shared/base-loader.js -> resource://devtools/server/actors/styles.js:1262:12
getApplied@resource://devtools/shared/base-loader.js -> resource://devtools/server/actors/styles.js:472:13
console.error: "Protocol error (unknownError): content.text is undefined"
console.error: "Protocol error (unknownError): content.text is undefined"
console.error: "Protocol error (unknownError): content.text is undefined"
JavaScript error: resource://devtools/shared/base-loader.js -> resource://devtools/server/actors/highlighters/box-model.js, line 416: TypeError: quads is undefined
console.error: "TypeError: currentNode is null: canMutationImpactCurrentStyles@resource://devtools/shared/base-loader.js -> resource://devtools/client/inspector/shared/style-change-tracker.js:64:11\nonMutations@resource://devtools/shared/base-loader.js -> resource://devtools/client/inspector/shared/style-change-tracker.js:82:11\nemit@resource://devtools/shared/base-loader.js -> resource://devtools/shared/event-emitter.js:178:37\nemit@resource://devtools/shared/base-loader.js -> resource://devtools/shared/event-emitter.js:255:29\nWalkerFront<.getMutations</<@resource://devtools/shared/base-loader.js -> resource://devtools/shared/fronts/inspector.js:420:7\n"
TypeError: currentNode is null: canMutationImpactCurrentStyles@resource://devtools/shared/base-loader.js -> resource://devtools/client/inspector/shared/style-change-tracker.js:64:11
onMutations@resource://devtools/shared/base-loader.js -> resource://devtools/client/inspector/shared/style-change-tracker.js:82:11
emit@resource://devtools/shared/base-loader.js -> resource://devtools/shared/event-emitter.js:178:37
emit@resource://devtools/shared/base-loader.js -> resource://devtools/shared/event-emitter.js:255:29
WalkerFront<.getMutations</<@resource://devtools/shared/base-loader.js -> resource://devtools/shared/fronts/inspector.js:420:7

IPDL protocol error: Handler returned error code!

###!!! [Parent][DispatchAsyncMessage] Error: PLayerTransaction::Msg_ReleaseLayer Processing error: message was deserialized, but the handler returned false (indicating failure)

IPDL protocol error: Handler returned error code!

###!!! [Parent][DispatchAsyncMessage] Error: PLayerTransaction::Msg_ReleaseLayer Processing error: message was deserialized, but the handler returned false (indicating failure)

IPDL protocol error: Handler returned error code!

###!!! [Parent][DispatchAsyncMessage] Error: PLayerTransaction::Msg_ReleaseLayer Processing error: message was deserialized, but the handler returned false (indicating failure)

IPDL protocol error: Handler returned error code!

###!!! [Parent][DispatchAsyncMessage] Error: PLayerTransaction::Msg_ReleaseLayer Processing error: message was deserialized, but the handler returned false (indicating failure)

IPDL protocol error: Handler returned error code!

###!!! [Parent][DispatchAsyncMessage] Error: PLayerTransaction::Msg_ReleaseLayer Processing error: message was deserialized, but the handler returned false (indicating failure)

[Parent 18609, Gecko_IOThread] WARNING: pipe error (93): Connection reset by peer: file /build/firefox-oscv9o/firefox-61.0.1+build1/ipc/chromium/src/chrome/common/ipc_channel_posix.cc, line 353
[Parent 18609, Gecko_IOThread] WARNING: pipe error (68): Connection reset by peer: file /build/firefox-oscv9o/firefox-61.0.1+build1/ipc/chromium/src/chrome/common/ipc_channel_posix.cc, line 353
